<?xml version="1.0" encoding="UTF-8"?>
<!-- Generated by org.testng.reporters.JUnitXMLReporter -->
<testsuite ignored="0" hostname="RUSHI" failures="0" tests="5" name="Default test" time="0.178" errors="0" timestamp="2022-03-30T18:29:37 IST">
  <testcase classname="testClasses.Test1" name="test1" time="0.02"/>
  <testcase classname="testClasses.Test1" name="test2" time="0.002"/>
  <testcase classname="testClasses.Test1" name="test3" time="0.004"/>
  <testcase classname="testClasses.Test1" name="test4" time="0.005"/>
  <testcase classname="testClasses.Test1" name="test5" time="0.003"/>
</testsuite> <!-- Default test -->
